Build started 4/8/2015 4:42:13 PM.
     1>Project "E:\BYU\'15 Winter\CS142\lab10\lab10\lab10.vcxproj" on node 2 (Build target(s)).
     1>ClCompile:
         C:\Program Files (x86)\Microsoft Visual Studio 12.0\VC\bin\CL.exe /c /ZI /nologo /W3 /WX- /sdl /Od /Oy- /D _MBCS /Gm /EHsc /RTC1 /MDd /GS /fp:precise /Zc:wchar_t /Zc:forScope /Fo"Debug\\" /Fd"Debug\vc120.pdb" /Gd /TP /analyze- /errorReport:prompt "..\..\..\..\'15 Winter\CS142\lab10\lab10\Commercial.cpp" "..\..\..\..\'15 Winter\CS142\lab10\lab10\Property.cpp" "..\..\..\..\'15 Winter\CS142\lab10\lab10\Residential.cpp" "..\..\..\..\'15 Winter\CS142\lab10\lab10\main.cpp"
         main.cpp
     1>e:\byu\'15 winter\cs142\lab10\lab10\main.cpp(144): warning C4018: '<' : signed/unsigned mismatch
     1>e:\byu\'15 winter\cs142\lab10\lab10\main.cpp(151): warning C4018: '<' : signed/unsigned mismatch
         Residential.cpp
     1>e:\byu\'15 winter\cs142\lab10\lab10\residential.cpp(8): warning C4101: 'owed' : unreferenced local variable
         Property.cpp
         Commercial.cpp
         Generating Code...
       Link:
         C:\Program Files (x86)\Microsoft Visual Studio 12.0\VC\bin\link.exe /ERRORREPORT:PROMPT /OUT:"E:\BYU\'15 Winter\CS142\lab10\Debug\lab10.exe" /INCREMENTAL /NOLOGO kernel32.lib user32.lib gdi32.lib winspool.lib comdlg32.lib advapi32.lib shell32.lib ole32.lib oleaut32.lib uuid.lib odbc32.lib odbccp32.lib /MANIFEST /MANIFESTUAC:"level='asInvoker' uiAccess='false'" /manifest:embed /DEBUG /PDB:"E:\BYU\'15 Winter\CS142\lab10\Debug\lab10.pdb" /TLBID:1 /DYNAMICBASE /NXCOMPAT /IMPLIB:"E:\BYU\'15 Winter\CS142\lab10\Debug\lab10.lib" /MACHINE:X86 Debug\Commercial.obj
         Debug\main.obj
         Debug\Property.obj
         Debug\Residential.obj
         lab10.vcxproj -> E:\BYU\'15 Winter\CS142\lab10\Debug\lab10.exe
     1>Done Building Project "E:\BYU\'15 Winter\CS142\lab10\lab10\lab10.vcxproj" (Build target(s)).

Build succeeded.

Time Elapsed 00:00:09.80
